Analysis & Synthesis report for bmp280x
Sun Feb 11 14:55:53 2018
Quartus Prime Version 17.1.0 Build 590 10/25/2017 SJ Lite Edition


---------------------
; Table of Contents ;
---------------------
  1. Legal Notice
  2. Analysis & Synthesis Summary
  3. Analysis & Synthesis Settings
  4. Parallel Compilation
  5. Analysis & Synthesis Source Files Read
  6. Analysis & Synthesis Resource Usage Summary
  7. Analysis & Synthesis Resource Utilization by Entity
  8. User-Specified and Inferred Latches
  9. General Register Statistics
 10. Multiplexer Restructuring Statistics (Restructuring Performed)
 11. Post-Synthesis Netlist Statistics for Top Partition
 12. Elapsed Time Per Partition
 13. Analysis & Synthesis Messages



----------------
; Legal Notice ;
----------------
Copyright (C) 2017  Intel Corporation. All rights reserved.
Your use of Intel Corporation's design tools, logic functions 
and other software and tools, and its AMPP partner logic 
functions, and any output files from any of the foregoing 
(including device programming or simulation files), and any 
associated documentation or information are expressly subject 
to the terms and conditions of the Intel Program License 
Subscription Agreement, the Intel Quartus Prime License Agreement,
the Intel FPGA IP License Agreement, or other applicable license
agreement, including, without limitation, that your use is for
the sole purpose of programming logic devices manufactured by
Intel and sold by Intel or its authorized distributors.  Please
refer to the applicable agreement for further details.



+-------------------------------------------------------------------------------+
; Analysis & Synthesis Summary                                                  ;
+---------------------------------+---------------------------------------------+
; Analysis & Synthesis Status     ; Successful - Sun Feb 11 14:55:53 2018       ;
; Quartus Prime Version           ; 17.1.0 Build 590 10/25/2017 SJ Lite Edition ;
; Revision Name                   ; bmp280x                                     ;
; Top-level Entity Name           ; bmp280x                                     ;
; Family                          ; Cyclone V                                   ;
; Logic utilization (in ALMs)     ; N/A                                         ;
; Total registers                 ; 21                                          ;
; Total pins                      ; 34                                          ;
; Total virtual pins              ; 0                                           ;
; Total block memory bits         ; 0                                           ;
; Total DSP Blocks                ; 0                                           ;
; Total HSSI RX PCSs              ; 0                                           ;
; Total HSSI PMA RX Deserializers ; 0                                           ;
; Total HSSI TX PCSs              ; 0                                           ;
; Total HSSI PMA TX Serializers   ; 0                                           ;
; Total PLLs                      ; 0                                           ;
; Total DLLs                      ; 0                                           ;
+---------------------------------+---------------------------------------------+


+---------------------------------------------------------------------------------------------------------------------------+
; Analysis & Synthesis Settings                                                                                             ;
+---------------------------------------------------------------------------------+--------------------+--------------------+
; Option                                                                          ; Setting            ; Default Value      ;
+---------------------------------------------------------------------------------+--------------------+--------------------+
; Device                                                                          ; 5CSEMA4U23C6       ;                    ;
; Top-level entity name                                                           ; bmp280x            ; bmp280x            ;
; Family name                                                                     ; Cyclone V          ; Cyclone V          ;
; Use smart compilation                                                           ; Off                ; Off                ;
; Enable parallel Assembler and TimeQuest Timing Analyzer during compilation      ; On                 ; On                 ;
; Enable compact report table                                                     ; Off                ; Off                ;
; Restructure Multiplexers                                                        ; Auto               ; Auto               ;
; MLAB Add Timing Constraints For Mixed-Port Feed-Through Mode Setting Don't Care ; Off                ; Off                ;
; Create Debugging Nodes for IP Cores                                             ; Off                ; Off                ;
; Preserve fewer node names                                                       ; On                 ; On                 ;
; Intel FPGA IP Evaluation Mode                                                   ; Enable             ; Enable             ;
; Verilog Version                                                                 ; Verilog_2001       ; Verilog_2001       ;
; VHDL Version                                                                    ; VHDL_1993          ; VHDL_1993          ;
; State Machine Processing                                                        ; Auto               ; Auto               ;
; Safe State Machine                                                              ; Off                ; Off                ;
; Extract Verilog State Machines                                                  ; On                 ; On                 ;
; Extract VHDL State Machines                                                     ; On                 ; On                 ;
; Ignore Verilog initial constructs                                               ; Off                ; Off                ;
; Iteration limit for constant Verilog loops                                      ; 5000               ; 5000               ;
; Iteration limit for non-constant Verilog loops                                  ; 250                ; 250                ;
; Add Pass-Through Logic to Inferred RAMs                                         ; On                 ; On                 ;
; Infer RAMs from Raw Logic                                                       ; On                 ; On                 ;
; Parallel Synthesis                                                              ; On                 ; On                 ;
; DSP Block Balancing                                                             ; Auto               ; Auto               ;
; NOT Gate Push-Back                                                              ; On                 ; On                 ;
; Power-Up Don't Care                                                             ; On                 ; On                 ;
; Remove Redundant Logic Cells                                                    ; Off                ; Off                ;
; Remove Duplicate Registers                                                      ; On                 ; On                 ;
; Ignore CARRY Buffers                                                            ; Off                ; Off                ;
; Ignore CASCADE Buffers                                                          ; Off                ; Off                ;
; Ignore GLOBAL Buffers                                                           ; Off                ; Off                ;
; Ignore ROW GLOBAL Buffers                                                       ; Off                ; Off                ;
; Ignore LCELL Buffers                                                            ; Off                ; Off                ;
; Ignore SOFT Buffers                                                             ; On                 ; On                 ;
; Limit AHDL Integers to 32 Bits                                                  ; Off                ; Off                ;
; Optimization Technique                                                          ; Balanced           ; Balanced           ;
; Carry Chain Length                                                              ; 70                 ; 70                 ;
; Auto Carry Chains                                                               ; On                 ; On                 ;
; Auto Open-Drain Pins                                                            ; On                 ; On                 ;
; Perform WYSIWYG Primitive Resynthesis                                           ; Off                ; Off                ;
; Auto ROM Replacement                                                            ; On                 ; On                 ;
; Auto RAM Replacement                                                            ; On                 ; On                 ;
; Auto DSP Block Replacement                                                      ; On                 ; On                 ;
; Auto Shift Register Replacement                                                 ; Auto               ; Auto               ;
; Allow Shift Register Merging across Hierarchies                                 ; Auto               ; Auto               ;
; Auto Clock Enable Replacement                                                   ; On                 ; On                 ;
; Strict RAM Replacement                                                          ; Off                ; Off                ;
; Allow Synchronous Control Signals                                               ; On                 ; On                 ;
; Force Use of Synchronous Clear Signals                                          ; Off                ; Off                ;
; Auto Resource Sharing                                                           ; Off                ; Off                ;
; Allow Any RAM Size For Recognition                                              ; Off                ; Off                ;
; Allow Any ROM Size For Recognition                                              ; Off                ; Off                ;
; Allow Any Shift Register Size For Recognition                                   ; Off                ; Off                ;
; Use LogicLock Constraints during Resource Balancing                             ; On                 ; On                 ;
; Ignore translate_off and synthesis_off directives                               ; Off                ; Off                ;
; Timing-Driven Synthesis                                                         ; On                 ; On                 ;
; Report Parameter Settings                                                       ; On                 ; On                 ;
; Report Source Assignments                                                       ; On                 ; On                 ;
; Report Connectivity Checks                                                      ; On                 ; On                 ;
; Ignore Maximum Fan-Out Assignments                                              ; Off                ; Off                ;
; Synchronization Register Chain Length                                           ; 3                  ; 3                  ;
; Power Optimization During Synthesis                                             ; Normal compilation ; Normal compilation ;
; HDL message level                                                               ; Level2             ; Level2             ;
; Suppress Register Optimization Related Messages                                 ; Off                ; Off                ;
; Number of Removed Registers Reported in Synthesis Report                        ; 5000               ; 5000               ;
; Number of Swept Nodes Reported in Synthesis Report                              ; 5000               ; 5000               ;
; Number of Inverted Registers Reported in Synthesis Report                       ; 100                ; 100                ;
; Clock MUX Protection                                                            ; On                 ; On                 ;
; Auto Gated Clock Conversion                                                     ; Off                ; Off                ;
; Block Design Naming                                                             ; Auto               ; Auto               ;
; SDC constraint protection                                                       ; Off                ; Off                ;
; Synthesis Effort                                                                ; Auto               ; Auto               ;
; Shift Register Replacement - Allow Asynchronous Clear Signal                    ; On                 ; On                 ;
; Pre-Mapping Resynthesis Optimization                                            ; Off                ; Off                ;
; Analysis & Synthesis Message Level                                              ; Medium             ; Medium             ;
; Disable Register Merging Across Hierarchies                                     ; Auto               ; Auto               ;
; Resource Aware Inference For Block RAM                                          ; On                 ; On                 ;
; Automatic Parallel Synthesis                                                    ; On                 ; On                 ;
; Partial Reconfiguration Bitstream ID                                            ; Off                ; Off                ;
+---------------------------------------------------------------------------------+--------------------+--------------------+


+------------------------------------------+
; Parallel Compilation                     ;
+----------------------------+-------------+
; Processors                 ; Number      ;
+----------------------------+-------------+
; Number detected on machine ; 8           ;
; Maximum allowed            ; 4           ;
;                            ;             ;
; Average used               ; 1.00        ;
; Maximum used               ; 4           ;
;                            ;             ;
; Usage by Processor         ; % Time Used ;
;     Processor 1            ; 100.0%      ;
;     Processors 2-4         ;   0.0%      ;
+----------------------------+-------------+


+-------------------------------------------------------------------------------------------------------------------------------------------------+
; Analysis & Synthesis Source Files Read                                                                                                          ;
+----------------------------------+-----------------+------------------------------+---------------------------------------------------+---------+
; File Name with User-Entered Path ; Used in Netlist ; File Type                    ; File Name with Absolute Path                      ; Library ;
+----------------------------------+-----------------+------------------------------+---------------------------------------------------+---------+
; bmp280x.v                        ; yes             ; Auto-Found Verilog HDL File  ; /home/smart-t/workspace/quartus/bmp280x/bmp280x.v ;         ;
+----------------------------------+-----------------+------------------------------+---------------------------------------------------+---------+


+-------------------------------------------------------------+
; Analysis & Synthesis Resource Usage Summary                 ;
+---------------------------------------------+---------------+
; Resource                                    ; Usage         ;
+---------------------------------------------+---------------+
; Estimate of Logic utilization (ALMs needed) ; 30            ;
;                                             ;               ;
; Combinational ALUT usage for logic          ; 49            ;
;     -- 7 input functions                    ; 0             ;
;     -- 6 input functions                    ; 10            ;
;     -- 5 input functions                    ; 6             ;
;     -- 4 input functions                    ; 6             ;
;     -- <=3 input functions                  ; 27            ;
;                                             ;               ;
; Dedicated logic registers                   ; 21            ;
;                                             ;               ;
; I/O pins                                    ; 34            ;
;                                             ;               ;
; Total DSP Blocks                            ; 0             ;
;                                             ;               ;
; Maximum fan-out node                        ; SD_COUNTER[3] ;
; Maximum fan-out                             ; 14            ;
; Total fan-out                               ; 311           ;
; Average fan-out                             ; 2.01          ;
+---------------------------------------------+---------------+


+----------------------------------------------------------------------------------------------------------------------------------------------------------------------------------------+
; Analysis & Synthesis Resource Utilization by Entity                                                                                                                                    ;
+----------------------------+---------------------+---------------------------+-------------------+------------+------+--------------+---------------------+-------------+--------------+
; Compilation Hierarchy Node ; Combinational ALUTs ; Dedicated Logic Registers ; Block Memory Bits ; DSP Blocks ; Pins ; Virtual Pins ; Full Hierarchy Name ; Entity Name ; Library Name ;
+----------------------------+---------------------+---------------------------+-------------------+------------+------+--------------+---------------------+-------------+--------------+
; |bmp280x                   ; 49 (49)             ; 21 (21)                   ; 0                 ; 0          ; 34   ; 0            ; |bmp280x            ; bmp280x     ; work         ;
+----------------------------+---------------------+---------------------------+-------------------+------------+------+--------------+---------------------+-------------+--------------+
Note: For table entries with two numbers listed, the numbers in parentheses indicate the number of resources of the given type used by the specific entity alone. The numbers listed outside of parentheses indicate the total resources of the given type used by the specific entity and all of its sub-entities in the hierarchy.


+---------------------------------------------------------------------------------------------------+
; User-Specified and Inferred Latches                                                               ;
+----------------------------------------------------+---------------------+------------------------+
; Latch Name                                         ; Latch Enable Signal ; Free of Timing Hazards ;
+----------------------------------------------------+---------------------+------------------------+
; SCLK                                               ; Selector0           ; yes                    ;
; SDI~0                                              ; Selector4           ; yes                    ;
; SDI_211                                            ; Selector4           ; yes                    ;
; Number of user-specified and inferred latches = 3  ;                     ;                        ;
+----------------------------------------------------+---------------------+------------------------+
Note: All latches listed above may not be present at the end of synthesis due to various synthesis optimizations.


+------------------------------------------------------+
; General Register Statistics                          ;
+----------------------------------------------+-------+
; Statistic                                    ; Value ;
+----------------------------------------------+-------+
; Total registers                              ; 21    ;
; Number of registers using Synchronous Clear  ; 19    ;
; Number of registers using Synchronous Load   ; 0     ;
; Number of registers using Asynchronous Clear ; 9     ;
; Number of registers using Asynchronous Load  ; 0     ;
; Number of registers using Clock Enable       ; 8     ;
; Number of registers using Preset             ; 0     ;
+----------------------------------------------+-------+


+------------------------------------------------------------------------------------------------------------------------------------------+
; Multiplexer Restructuring Statistics (Restructuring Performed)                                                                           ;
+--------------------+-----------+---------------+----------------------+------------------------+------------+----------------------------+
; Multiplexer Inputs ; Bus Width ; Baseline Area ; Area if Restructured ; Saving if Restructured ; Registered ; Example Multiplexer Output ;
+--------------------+-----------+---------------+----------------------+------------------------+------------+----------------------------+
; 3:1                ; 8 bits    ; 16 LEs        ; 0 LEs                ; 16 LEs                 ; Yes        ; |bmp280x|SD_COUNTER[0]     ;
+--------------------+-----------+---------------+----------------------+------------------------+------------+----------------------------+


+-----------------------------------------------------+
; Post-Synthesis Netlist Statistics for Top Partition ;
+-----------------------+-----------------------------+
; Type                  ; Count                       ;
+-----------------------+-----------------------------+
; arriav_ff             ; 21                          ;
;     CLR               ; 1                           ;
;     ENA CLR SCLR      ; 8                           ;
;     SCLR              ; 11                          ;
;     plain             ; 1                           ;
; arriav_io_obuf        ; 17                          ;
; arriav_lcell_comb     ; 49                          ;
;     arith             ; 19                          ;
;         1 data inputs ; 19                          ;
;     normal            ; 30                          ;
;         2 data inputs ; 5                           ;
;         3 data inputs ; 3                           ;
;         4 data inputs ; 6                           ;
;         5 data inputs ; 6                           ;
;         6 data inputs ; 10                          ;
; boundary_port         ; 34                          ;
;                       ;                             ;
; Max LUT depth         ; 4.00                        ;
; Average LUT depth     ; 1.88                        ;
+-----------------------+-----------------------------+


+-------------------------------+
; Elapsed Time Per Partition    ;
+----------------+--------------+
; Partition Name ; Elapsed Time ;
+----------------+--------------+
; Top            ; 00:00:00     ;
+----------------+--------------+


+-------------------------------+
; Analysis & Synthesis Messages ;
+-------------------------------+
Info: *******************************************************************
Info: Running Quartus Prime Analysis & Synthesis
    Info: Version 17.1.0 Build 590 10/25/2017 SJ Lite Edition
    Info: Processing started: Sun Feb 11 14:55:44 2018
Info: Command: quartus_map --read_settings_files=on --write_settings_files=off bmp280x -c bmp280x
Warning (18236): Number of processors has not been specified which may cause overloading on shared machines.  Set the global assignment NUM_PARALLEL_PROCESSORS in your QSF to an appropriate value for best performance.
Info (20030): Parallel compilation is enabled and will use 4 of the 4 processors detected
Warning (12125): Using design file bmp280x.v, which is not specified as a design file for the current project, but contains definitions for 1 design units and 1 entities in project
    Info (12023): Found entity 1: bmp280x File: /home/smart-t/workspace/quartus/bmp280x/bmp280x.v Line: 6
Info (12127): Elaborating entity "bmp280x" for the top level hierarchy
Warning (10036): Verilog HDL or VHDL warning at bmp280x.v(41): object "T1_LSB" assigned a value but never read File: /home/smart-t/workspace/quartus/bmp280x/bmp280x.v Line: 41
Warning (10036): Verilog HDL or VHDL warning at bmp280x.v(42): object "T1_MSB" assigned a value but never read File: /home/smart-t/workspace/quartus/bmp280x/bmp280x.v Line: 42
Warning (10230): Verilog HDL assignment warning at bmp280x.v(56): truncated value with size 32 to match size of target (11) File: /home/smart-t/workspace/quartus/bmp280x/bmp280x.v Line: 56
Warning (10230): Verilog HDL assignment warning at bmp280x.v(84): truncated value with size 32 to match size of target (8) File: /home/smart-t/workspace/quartus/bmp280x/bmp280x.v Line: 84
Warning (10270): Verilog HDL Case Statement warning at bmp280x.v(98): incomplete case statement has no default case item File: /home/smart-t/workspace/quartus/bmp280x/bmp280x.v Line: 98
Warning (10240): Verilog HDL Always Construct warning at bmp280x.v(90): inferring latch(es) for variable "SCLK", which holds its previous value in one or more paths through the always construct File: /home/smart-t/workspace/quartus/bmp280x/bmp280x.v Line: 90
Warning (10240): Verilog HDL Always Construct warning at bmp280x.v(90): inferring latch(es) for variable "SDI", which holds its previous value in one or more paths through the always construct File: /home/smart-t/workspace/quartus/bmp280x/bmp280x.v Line: 90
Info (10041): Inferred latch for "SDI" at bmp280x.v(90) File: /home/smart-t/workspace/quartus/bmp280x/bmp280x.v Line: 90
Info (10041): Inferred latch for "SCLK" at bmp280x.v(90) File: /home/smart-t/workspace/quartus/bmp280x/bmp280x.v Line: 90
Warning (13034): The following nodes have both tri-state and non-tri-state drivers
    Warning (13035): Inserted always-enabled tri-state buffer between "ARDUINO_IO[13]" and its non-tri-state driver. File: /home/smart-t/workspace/quartus/bmp280x/bmp280x.v Line: 9
    Warning (13035): Inserted always-enabled tri-state buffer between "ARDUINO_IO[15]" and its non-tri-state driver. File: /home/smart-t/workspace/quartus/bmp280x/bmp280x.v Line: 9
    Warning (13035): Inserted always-enabled tri-state buffer between "ARDUINO_RESET_N" and its non-tri-state driver. File: /home/smart-t/workspace/quartus/bmp280x/bmp280x.v Line: 10
Warning (13039): The following bidirectional pins have no drivers
    Warning (13040): bidirectional pin "ARDUINO_IO[0]" has no driver File: /home/smart-t/workspace/quartus/bmp280x/bmp280x.v Line: 9
    Warning (13040): bidirectional pin "ARDUINO_IO[1]" has no driver File: /home/smart-t/workspace/quartus/bmp280x/bmp280x.v Line: 9
    Warning (13040): bidirectional pin "ARDUINO_IO[2]" has no driver File: /home/smart-t/workspace/quartus/bmp280x/bmp280x.v Line: 9
    Warning (13040): bidirectional pin "ARDUINO_IO[3]" has no driver File: /home/smart-t/workspace/quartus/bmp280x/bmp280x.v Line: 9
    Warning (13040): bidirectional pin "ARDUINO_IO[4]" has no driver File: /home/smart-t/workspace/quartus/bmp280x/bmp280x.v Line: 9
    Warning (13040): bidirectional pin "ARDUINO_IO[5]" has no driver File: /home/smart-t/workspace/quartus/bmp280x/bmp280x.v Line: 9
    Warning (13040): bidirectional pin "ARDUINO_IO[6]" has no driver File: /home/smart-t/workspace/quartus/bmp280x/bmp280x.v Line: 9
    Warning (13040): bidirectional pin "ARDUINO_IO[7]" has no driver File: /home/smart-t/workspace/quartus/bmp280x/bmp280x.v Line: 9
    Warning (13040): bidirectional pin "ARDUINO_IO[8]" has no driver File: /home/smart-t/workspace/quartus/bmp280x/bmp280x.v Line: 9
    Warning (13040): bidirectional pin "ARDUINO_IO[9]" has no driver File: /home/smart-t/workspace/quartus/bmp280x/bmp280x.v Line: 9
    Warning (13040): bidirectional pin "ARDUINO_IO[10]" has no driver File: /home/smart-t/workspace/quartus/bmp280x/bmp280x.v Line: 9
    Warning (13040): bidirectional pin "ARDUINO_IO[11]" has no driver File: /home/smart-t/workspace/quartus/bmp280x/bmp280x.v Line: 9
    Warning (13040): bidirectional pin "ARDUINO_IO[12]" has no driver File: /home/smart-t/workspace/quartus/bmp280x/bmp280x.v Line: 9
Warning (13012): Latch SCLK has unsafe behavior File: /home/smart-t/workspace/quartus/bmp280x/bmp280x.v Line: 37
    Warning (13013): Ports D and ENA on the latch are fed by the same signal SD_COUNTER[7] File: /home/smart-t/workspace/quartus/bmp280x/bmp280x.v Line: 80
Warning (13012): Latch SDI~0 has unsafe behavior File: /home/smart-t/workspace/quartus/bmp280x/bmp280x.v Line: 39
    Warning (13013): Ports D and ENA on the latch are fed by the same signal SD_COUNTER[7] File: /home/smart-t/workspace/quartus/bmp280x/bmp280x.v Line: 80
Warning (13012): Latch SDI_211 has unsafe behavior File: /home/smart-t/workspace/quartus/bmp280x/bmp280x.v Line: 90
    Warning (13013): Ports D and ENA on the latch are fed by the same signal SD_COUNTER[7] File: /home/smart-t/workspace/quartus/bmp280x/bmp280x.v Line: 80
Warning (13009): TRI or OPNDRN buffers permanently enabled
    Warning (13010): Node "ARDUINO_IO[13]~synth" File: /home/smart-t/workspace/quartus/bmp280x/bmp280x.v Line: 9
    Warning (13010): Node "ARDUINO_IO[15]~synth" File: /home/smart-t/workspace/quartus/bmp280x/bmp280x.v Line: 9
    Warning (13010): Node "ARDUINO_RESET_N~synth" File: /home/smart-t/workspace/quartus/bmp280x/bmp280x.v Line: 10
Info (286030): Timing-Driven Synthesis is running
Info (16010): Generating hard_block partition "hard_block:auto_generated_inst"
    Info (16011): Adding 0 node(s), including 0 DDIO, 0 PLL, 0 transceiver and 0 LCELL
Warning (21074): Design contains 6 input pin(s) that do not drive logic
    Warning (15610): No output dependent on input pin "FPGA_CLK2_50" File: /home/smart-t/workspace/quartus/bmp280x/bmp280x.v Line: 14
    Warning (15610): No output dependent on input pin "FPGA_CLK3_50" File: /home/smart-t/workspace/quartus/bmp280x/bmp280x.v Line: 15
    Warning (15610): No output dependent on input pin "SW[0]" File: /home/smart-t/workspace/quartus/bmp280x/bmp280x.v Line: 25
    Warning (15610): No output dependent on input pin "SW[1]" File: /home/smart-t/workspace/quartus/bmp280x/bmp280x.v Line: 25
    Warning (15610): No output dependent on input pin "SW[2]" File: /home/smart-t/workspace/quartus/bmp280x/bmp280x.v Line: 25
    Warning (15610): No output dependent on input pin "SW[3]" File: /home/smart-t/workspace/quartus/bmp280x/bmp280x.v Line: 25
Info (21057): Implemented 83 device resources after synthesis - the final resource count might be different
    Info (21058): Implemented 9 input pins
    Info (21059): Implemented 8 output pins
    Info (21060): Implemented 17 bidirectional pins
    Info (21061): Implemented 49 logic cells
Info: Quartus Prime Analysis & Synthesis was successful. 0 errors, 44 warnings
    Info: Peak virtual memory: 1044 megabytes
    Info: Processing ended: Sun Feb 11 14:55:53 2018
    Info: Elapsed time: 00:00:09
    Info: Total CPU time (on all processors): 00:00:25


